<?xml version="1.0" encoding="UTF-8"?>
<!-- Generated by org.testng.reporters.JUnitXMLReporter -->
<testsuite ignored="0" hostname="QT-INNO-LT1439" failures="0" tests="3" name="Default test" time="25.52" errors="0" timestamp="2022-02-14T09:05:43 IST">
  <testcase classname="Tests.testNG" name="captureScreenShot" time="5.562"/>
  <testcase classname="Tests.testNG" name="googleSearchTest" time="3.923"/>
  <testcase classname="Tests.testNG" name="youtubeSearchTest" time="10.517"/>
</testsuite> <!-- Default test -->
