<?xml version="1.0" encoding="UTF-8"?>
<testng-results ignored="0" total="3" passed="3" failed="0" skipped="0">
  <reporter-output>
  </reporter-output>
  <suite started-at="2022-02-14T09:05:17 IST" name="Default suite" finished-at="2022-02-14T09:05:43 IST" duration-ms="25520">
    <groups>
    </groups>
    <test started-at="2022-02-14T09:05:17 IST" name="Default test" finished-at="2022-02-14T09:05:43 IST" duration-ms="25520">
      <class name="Tests.testNG">
        <test-method is-config="true" signature="setUpTest()[pri:0, instance:Tests.testNG@1af2d44a]" started-at="2022-02-14T09:05:17 IST" name="setUpTest" finished-at="2022-02-14T09:05:22 IST" duration-ms="5068" status="PASS">
          <reporter-output>
          </reporter-output>
        </test-method> <!-- setUpTest -->
        <test-method signature="captureScreenShot()[pri:0, instance:Tests.testNG@1af2d44a]" started-at="2022-02-14T09:05:22 IST" name="captureScreenShot" finished-at="2022-02-14T09:05:28 IST" duration-ms="5562" status="PASS">
          <reporter-output>
          </reporter-output>
        </test-method> <!-- captureScreenShot -->
        <test-method signature="googleSearchTest()[pri:0, instance:Tests.testNG@1af2d44a]" started-at="2022-02-14T09:05:28 IST" name="googleSearchTest" finished-at="2022-02-14T09:05:32 IST" duration-ms="3923" status="PASS">
          <reporter-output>
          </reporter-output>
        </test-method> <!-- googleSearchTest -->
        <test-method signature="youtubeSearchTest()[pri:0, instance:Tests.testNG@1af2d44a]" started-at="2022-02-14T09:05:32 IST" name="youtubeSearchTest" finished-at="2022-02-14T09:05:42 IST" duration-ms="10517" status="PASS">
          <reporter-output>
          </reporter-output>
        </test-method> <!-- youtubeSearchTest -->
        <test-method is-config="true" signature="closeWindow()[pri:0, instance:Tests.testNG@1af2d44a]" started-at="2022-02-14T09:05:42 IST" name="closeWindow" finished-at="2022-02-14T09:05:43 IST" duration-ms="358" status="PASS">
          <reporter-output>
          </reporter-output>
        </test-method> <!-- closeWindow -->
      </class> <!-- Tests.testNG -->
    </test> <!-- Default test -->
  </suite> <!-- Default suite -->
</testng-results>
